[2024-01-03 13:14:08 [32mINFO [0;39m restartedMain] [com.green.greengram4.Greengram4Application] [36mStarting Greengram4Application using Java 17.0.8.1 with PID 12096 (D:\Students\greengram4\build\classes\java\main started by Administrator in D:\Students\greengram4)[0;39m
[2024-01-03 13:14:08 [32mINFO [0;39m restartedMain] [com.green.greengram4.Greengram4Application] [36mNo active profile set, falling back to 1 default profile: "default"[0;39m
[2024-01-03 13:14:08 [32mINFO [0;39m restartedMain] [org.springframework.boot.devtools.env.DevToolsPropertyDefaultsPostProcessor] [36mDevtools property defaults active! Set 'spring.devtools.add-properties' to 'false' to disable[0;39m
[2024-01-03 13:14:08 [32mINFO [0;39m restartedMain] [org.springframework.boot.devtools.env.DevToolsPropertyDefaultsPostProcessor] [36mFor additional web related logging consider setting the 'logging.level.web' property to 'DEBUG'[0;39m
[2024-01-03 13:14:09 [32mINFO [0;39m restartedMain] [org.springframework.boot.web.embedded.tomcat.TomcatWebServer] [36mTomcat initialized with port 8080 (http)[0;39m
[2024-01-03 13:14:09 [32mINFO [0;39m restartedMain] [org.apache.coyote.http11.Http11NioProtocol] [36mInitializing ProtocolHandler ["http-nio-8080"][0;39m
[2024-01-03 13:14:09 [32mINFO [0;39m restartedMain] [org.apache.catalina.core.StandardService] [36mStarting service [Tomcat][0;39m
[2024-01-03 13:14:09 [32mINFO [0;39m restartedMain] [org.apache.catalina.core.StandardEngine] [36mStarting Servlet engine: [Apache Tomcat/10.1.17][0;39m
[2024-01-03 13:14:09 [32mINFO [0;39m restartedMain] [org.apache.catalina.core.ContainerBase.[Tomcat].[localhost].[/]] [36mInitializing Spring embedded WebApplicationContext[0;39m
[2024-01-03 13:14:09 [32mINFO [0;39m restartedMain] [org.springframework.boot.web.servlet.context.ServletWebServerApplicationContext] [36mRoot WebApplicationContext: initialization completed in 876 ms[0;39m
[2024-01-03 13:14:09 [32mINFO [0;39m restartedMain] [com.green.greengram4.common.FirebaseConfiguration] [36mFirebaseApp Initialization Complete !!![0;39m
[2024-01-03 13:14:10 [32mINFO [0;39m restartedMain] [org.springframework.boot.autoconfigure.web.servlet.WelcomePageHandlerMapping] [36mAdding welcome page: class path resource [static/index.html][0;39m
[2024-01-03 13:14:10 [33mWARN [0;39m restartedMain] [org.springframework.boot.autoconfigure.security.servlet.UserDetailsServiceAutoConfiguration] [36m

Using generated security password: 76aa8b98-5f46-4bb0-b45e-df124e2a8497

This generated password is for development use only. Your security configuration must be updated before running your application in production.
[0;39m
[2024-01-03 13:14:10 [32mINFO [0;39m restartedMain] [org.springframework.security.web.DefaultSecurityFilterChain] [36mWill secure any request with [org.springframework.security.web.session.DisableEncodeUrlFilter@337fbe5a, org.springframework.security.web.context.request.async.WebAsyncManagerIntegrationFilter@7c221cfc, org.springframework.security.web.context.SecurityContextHolderFilter@6c8ddada, org.springframework.security.web.header.HeaderWriterFilter@3487b2f1, org.springframework.web.filter.CorsFilter@3f6cf53a, org.springframework.security.web.csrf.CsrfFilter@53ee8e19, org.springframework.security.web.authentication.logout.LogoutFilter@40742f9e, org.springframework.security.web.authentication.UsernamePasswordAuthenticationFilter@773b6944, org.springframework.security.web.authentication.ui.DefaultLoginPageGeneratingFilter@70bb0149, org.springframework.security.web.authentication.ui.DefaultLogoutPageGeneratingFilter@387fa7f4, org.springframework.security.web.authentication.www.BasicAuthenticationFilter@45614e7f, org.springframework.security.web.savedrequest.RequestCacheAwareFilter@36502c6, org.springframework.security.web.servletapi.SecurityContextHolderAwareRequestFilter@53cc17ec, org.springframework.security.web.authentication.AnonymousAuthenticationFilter@763c43cf, org.springframework.security.web.access.ExceptionTranslationFilter@56e7c498, org.springframework.security.web.access.intercept.AuthorizationFilter@31a72d35][0;39m
[2024-01-03 13:14:10 [32mINFO [0;39m restartedMain] [org.springframework.boot.devtools.autoconfigure.OptionalLiveReloadServer] [36mLiveReload server is running on port 35729[0;39m
[2024-01-03 13:14:10 [32mINFO [0;39m restartedMain] [org.apache.coyote.http11.Http11NioProtocol] [36mStarting ProtocolHandler ["http-nio-8080"][0;39m
[2024-01-03 13:14:10 [32mINFO [0;39m restartedMain] [org.springframework.boot.web.embedded.tomcat.TomcatWebServer] [36mTomcat started on port 8080 (http) with context path ''[0;39m
[2024-01-03 13:14:10 [32mINFO [0;39m restartedMain] [com.green.greengram4.Greengram4Application] [36mStarted Greengram4Application in 2.122 seconds (process running for 2.932)[0;39m
[2024-01-03 13:14:10 [32mINFO [0;39m http-nio-8080-exec-1] [org.apache.catalina.core.ContainerBase.[Tomcat].[localhost].[/]] [36mInitializing Spring DispatcherServlet 'dispatcherServlet'[0;39m
[2024-01-03 13:14:10 [32mINFO [0;39m http-nio-8080-exec-1] [org.springframework.web.servlet.DispatcherServlet] [36mInitializing Servlet 'dispatcherServlet'[0;39m
[2024-01-03 13:14:10 [32mINFO [0;39m http-nio-8080-exec-1] [org.springframework.web.servlet.DispatcherServlet] [36mCompleted initialization in 0 ms[0;39m
[2024-01-03 13:16:56 [32mINFO [0;39m http-nio-8080-exec-6] [com.green.greengram4.feed.FeedController] [36mFeedSelDto(page=1, loginedIuser=4, targetIuser=0, isFavList=0, startIdx=0, rowCount=0)[0;39m
[2024-01-03 13:16:56 [32mINFO [0;39m http-nio-8080-exec-6] [com.zaxxer.hikari.HikariDataSource] [36mHikariPool-1 - Starting...[0;39m
[2024-01-03 13:16:56 [32mINFO [0;39m http-nio-8080-exec-6] [com.zaxxer.hikari.pool.HikariPool] [36mHikariPool-1 - Added connection org.mariadb.jdbc.Connection@3a50c544[0;39m
[2024-01-03 13:16:56 [32mINFO [0;39m http-nio-8080-exec-6] [com.zaxxer.hikari.HikariDataSource] [36mHikariPool-1 - Start completed.[0;39m
[2024-01-03 17:22:58 [33mWARN [0;39m HikariPool-1 housekeeper] [com.zaxxer.hikari.pool.HikariPool] [36mHikariPool-1 - Thread starvation or clock leap detected (housekeeper delta=40m28s428ms845µs700ns).[0;39m
[2024-01-03 19:05:09 [33mWARN [0;39m HikariPool-1 housekeeper] [com.zaxxer.hikari.pool.HikariPool] [36mHikariPool-1 - Thread starvation or clock leap detected (housekeeper delta=25m11s70ms32µs701ns).[0;39m
[2024-01-03 19:41:25 [32mINFO [0;39m SpringApplicationShutdownHook] [com.zaxxer.hikari.HikariDataSource] [36mHikariPool-1 - Shutdown initiated...[0;39m
[2024-01-03 19:41:25 [32mINFO [0;39m SpringApplicationShutdownHook] [com.zaxxer.hikari.HikariDataSource] [36mHikariPool-1 - Shutdown completed.[0;39m
